<?xml version="1.0" encoding="UTF-8"?>
<!-- Generated by org.testng.reporters.JUnitReportReporter -->
<testsuite skipped="0" hostname="JMCHD2220" name="runner.HondaRunner" tests="1" failures="0" timestamp="2020-06-19T17:57:01 IST" time="26.254" errors="1">
  <testcase name="runScenario" time="26.254" classname="runner.HondaRunner">
    <error type="java.lang.NullPointerException">
      <![CDATA[java.lang.NullPointerException
at steps.HondaSteps.storeEngineDetailsMap(HondaSteps.java:81)
at ✽.User puts all the details as key and value into Map(file:src/test/java/features/Honda.feature:8)
]]>
    </error>
  </testcase> <!-- runScenario -->
  <system-out/>
</testsuite> <!-- runner.HondaRunner -->
