<?xml version="1.0" encoding="UTF-8"?>
<testng-results skipped="0" failed="0" ignored="0" total="1" passed="1">
  <reporter-output>
  </reporter-output>
  <suite name="Default suite" duration-ms="80695" started-at="2020-06-12T23:21:07 IST" finished-at="2020-06-12T23:22:27 IST">
    <groups>
      <group name="cucumber">
        <method signature="AbstractTestNGCucumberTests.runScenario(io.cucumber.testng.PickleEventWrapper, io.cucumber.testng.CucumberFeatureWrapper)[pri:0, instance:runner.SheinRunner@7a1ebcd8]" name="runScenario" class="io.cucumber.testng.AbstractTestNGCucumberTests"/>
      </group> <!-- cucumber -->
    </groups>
    <test name="Default test" duration-ms="80695" started-at="2020-06-12T23:21:07 IST" finished-at="2020-06-12T23:22:27 IST">
      <class name="runner.SheinRunner">
        <test-method status="PASS" signature="setUpClass()[pri:0, instance:runner.SheinRunner@7a1ebcd8]" name="setUpClass" is-config="true" duration-ms="178" started-at="2020-06-12T23:21:07 IST" finished-at="2020-06-12T23:21:07 IST">
          <reporter-output>
          </reporter-output>
        </test-method> <!-- setUpClass -->
        <test-method status="PASS" signature="runScenario(io.cucumber.testng.PickleEventWrapper, io.cucumber.testng.CucumberFeatureWrapper)[pri:0, instance:runner.SheinRunner@7a1ebcd8]" name="runScenario" duration-ms="80386" started-at="2020-06-12T23:21:07 IST" description="Runs Cucumber Scenarios" data-provider="scenarios" finished-at="2020-06-12T23:22:27 IST">
          <params>
            <param index="0">
              <value>
                <![CDATA["To do online shopping in the Shein Website"]]>
              </value>
            </param>
            <param index="1">
              <value>
                <![CDATA["Shein Workflow"]]>
              </value>
            </param>
          </params>
          <reporter-output>
          </reporter-output>
        </test-method> <!-- runScenario -->
        <test-method status="PASS" signature="tearDownClass()[pri:0, instance:runner.SheinRunner@7a1ebcd8]" name="tearDownClass" is-config="true" duration-ms="8" started-at="2020-06-12T23:22:27 IST" finished-at="2020-06-12T23:22:27 IST">
          <reporter-output>
          </reporter-output>
        </test-method> <!-- tearDownClass -->
      </class> <!-- runner.SheinRunner -->
    </test> <!-- Default test -->
  </suite> <!-- Default suite -->
</testng-results>
