<?xml version="1.0" encoding="UTF-8"?>
<testng-results skipped="0" failed="0" ignored="0" total="3" passed="3">
  <reporter-output>
  </reporter-output>
  <suite name="Default suite" duration-ms="416440" started-at="2020-06-18T10:35:31 IST" finished-at="2020-06-18T10:42:28 IST">
    <groups>
      <group name="cucumber">
        <method signature="AbstractTestNGCucumberTests.runScenario(io.cucumber.testng.PickleEventWrapper, io.cucumber.testng.CucumberFeatureWrapper)[pri:0, instance:runner.BigBasketExamplesRunner@7a1ebcd8]" name="runScenario" class="io.cucumber.testng.AbstractTestNGCucumberTests"/>
      </group> <!-- cucumber -->
    </groups>
    <test name="Default test" duration-ms="416440" started-at="2020-06-18T10:35:31 IST" finished-at="2020-06-18T10:42:28 IST">
      <class name="runner.BigBasketExamplesRunner">
        <test-method status="PASS" signature="setUpClass()[pri:0, instance:runner.BigBasketExamplesRunner@7a1ebcd8]" name="setUpClass" is-config="true" duration-ms="188" started-at="2020-06-18T10:35:31 IST" finished-at="2020-06-18T10:35:31 IST">
          <reporter-output>
          </reporter-output>
        </test-method> <!-- setUpClass -->
        <test-method status="PASS" signature="runScenario(io.cucumber.testng.PickleEventWrapper, io.cucumber.testng.CucumberFeatureWrapper)[pri:0, instance:runner.BigBasketExamplesRunner@7a1ebcd8]" name="runScenario" duration-ms="130085" started-at="2020-06-18T10:35:31 IST" description="Runs Cucumber Scenarios" data-provider="scenarios" finished-at="2020-06-18T10:37:42 IST">
          <params>
            <param index="0">
              <value>
                <![CDATA["To check the shopping in BigBasket with different locations."]]>
              </value>
            </param>
            <param index="1">
              <value>
                <![CDATA["BigBasket Workflow with Examples"]]>
              </value>
            </param>
          </params>
          <reporter-output>
          </reporter-output>
        </test-method> <!-- runScenario -->
        <test-method status="PASS" signature="runScenario(io.cucumber.testng.PickleEventWrapper, io.cucumber.testng.CucumberFeatureWrapper)[pri:0, instance:runner.BigBasketExamplesRunner@7a1ebcd8]" name="runScenario" duration-ms="138671" started-at="2020-06-18T10:37:42 IST" description="Runs Cucumber Scenarios" data-provider="scenarios" finished-at="2020-06-18T10:40:00 IST">
          <params>
            <param index="0">
              <value>
                <![CDATA["To check the shopping in BigBasket with different locations."]]>
              </value>
            </param>
            <param index="1">
              <value>
                <![CDATA["BigBasket Workflow with Examples"]]>
              </value>
            </param>
          </params>
          <reporter-output>
          </reporter-output>
        </test-method> <!-- runScenario -->
        <test-method status="PASS" signature="runScenario(io.cucumber.testng.PickleEventWrapper, io.cucumber.testng.CucumberFeatureWrapper)[pri:0, instance:runner.BigBasketExamplesRunner@7a1ebcd8]" name="runScenario" duration-ms="147387" started-at="2020-06-18T10:40:00 IST" description="Runs Cucumber Scenarios" data-provider="scenarios" finished-at="2020-06-18T10:42:28 IST">
          <params>
            <param index="0">
              <value>
                <![CDATA["To check the shopping in BigBasket with different locations."]]>
              </value>
            </param>
            <param index="1">
              <value>
                <![CDATA["BigBasket Workflow with Examples"]]>
              </value>
            </param>
          </params>
          <reporter-output>
          </reporter-output>
        </test-method> <!-- runScenario -->
        <test-method status="PASS" signature="tearDownClass()[pri:0, instance:runner.BigBasketExamplesRunner@7a1ebcd8]" name="tearDownClass" is-config="true" duration-ms="0" started-at="2020-06-18T10:42:28 IST" finished-at="2020-06-18T10:42:28 IST">
          <reporter-output>
          </reporter-output>
        </test-method> <!-- tearDownClass -->
      </class> <!-- runner.BigBasketExamplesRunner -->
    </test> <!-- Default test -->
  </suite> <!-- Default suite -->
</testng-results>
