<?xml version="1.0" encoding="UTF-8"?>
<testng-results skipped="0" failed="0" ignored="0" total="1" passed="1">
  <reporter-output>
  </reporter-output>
  <suite name="Default suite" duration-ms="84686" started-at="2020-06-18T18:53:58 IST" finished-at="2020-06-18T18:55:23 IST">
    <groups>
      <group name="cucumber">
        <method signature="AbstractTestNGCucumberTests.runScenario(io.cucumber.testng.PickleEventWrapper, io.cucumber.testng.CucumberFeatureWrapper)[pri:0, instance:runner.CrmCloudRunner@7a1ebcd8]" name="runScenario" class="io.cucumber.testng.AbstractTestNGCucumberTests"/>
      </group> <!-- cucumber -->
    </groups>
    <test name="Default test" duration-ms="84686" started-at="2020-06-18T18:53:58 IST" finished-at="2020-06-18T18:55:23 IST">
      <class name="runner.CrmCloudRunner">
        <test-method status="PASS" signature="setUpClass()[pri:0, instance:runner.CrmCloudRunner@7a1ebcd8]" name="setUpClass" is-config="true" duration-ms="189" started-at="2020-06-18T18:53:58 IST" finished-at="2020-06-18T18:53:59 IST">
          <reporter-output>
          </reporter-output>
        </test-method> <!-- setUpClass -->
        <test-method status="PASS" signature="runScenario(io.cucumber.testng.PickleEventWrapper, io.cucumber.testng.CucumberFeatureWrapper)[pri:0, instance:runner.CrmCloudRunner@7a1ebcd8]" name="runScenario" duration-ms="84366" started-at="2020-06-18T18:53:59 IST" description="Runs Cucumber Scenarios" data-provider="scenarios" finished-at="2020-06-18T18:55:23 IST">
          <params>
            <param index="0">
              <value>
                <![CDATA["To schedule a meeting for a Contact available in the CRM"]]>
              </value>
            </param>
            <param index="1">
              <value>
                <![CDATA["Demo CRM Cloud Workflow"]]>
              </value>
            </param>
          </params>
          <reporter-output>
          </reporter-output>
        </test-method> <!-- runScenario -->
        <test-method status="PASS" signature="tearDownClass()[pri:0, instance:runner.CrmCloudRunner@7a1ebcd8]" name="tearDownClass" is-config="true" duration-ms="9" started-at="2020-06-18T18:55:23 IST" finished-at="2020-06-18T18:55:23 IST">
          <reporter-output>
          </reporter-output>
        </test-method> <!-- tearDownClass -->
      </class> <!-- runner.CrmCloudRunner -->
    </test> <!-- Default test -->
  </suite> <!-- Default suite -->
</testng-results>
