<?xml version="1.0" encoding="UTF-8"?>
<testng-results skipped="0" failed="0" ignored="0" total="1" passed="1">
  <reporter-output>
  </reporter-output>
  <suite name="Default suite" duration-ms="68999" started-at="2020-06-12T00:05:45 IST" finished-at="2020-06-12T00:06:54 IST">
    <groups>
      <group name="cucumber">
        <method signature="AbstractTestNGCucumberTests.runScenario(io.cucumber.testng.PickleEventWrapper, io.cucumber.testng.CucumberFeatureWrapper)[pri:0, instance:runner.ShopCluesRunner@7a1ebcd8]" name="runScenario" class="io.cucumber.testng.AbstractTestNGCucumberTests"/>
      </group> <!-- cucumber -->
    </groups>
    <test name="Default test" duration-ms="68999" started-at="2020-06-12T00:05:45 IST" finished-at="2020-06-12T00:06:54 IST">
      <class name="runner.ShopCluesRunner">
        <test-method status="PASS" signature="setUpClass()[pri:0, instance:runner.ShopCluesRunner@7a1ebcd8]" name="setUpClass" is-config="true" duration-ms="154" started-at="2020-06-12T00:05:45 IST" finished-at="2020-06-12T00:05:45 IST">
          <reporter-output>
          </reporter-output>
        </test-method> <!-- setUpClass -->
        <test-method status="PASS" signature="runScenario(io.cucumber.testng.PickleEventWrapper, io.cucumber.testng.CucumberFeatureWrapper)[pri:0, instance:runner.ShopCluesRunner@7a1ebcd8]" name="runScenario" duration-ms="68734" started-at="2020-06-12T00:05:45 IST" description="Runs Cucumber Scenarios" data-provider="scenarios" finished-at="2020-06-12T00:06:54 IST">
          <params>
            <param index="0">
              <value>
                <![CDATA["To do Online Shopping in ShopClues Website"]]>
              </value>
            </param>
            <param index="1">
              <value>
                <![CDATA["ShopClues Workflow"]]>
              </value>
            </param>
          </params>
          <reporter-output>
          </reporter-output>
        </test-method> <!-- runScenario -->
        <test-method status="PASS" signature="tearDownClass()[pri:0, instance:runner.ShopCluesRunner@7a1ebcd8]" name="tearDownClass" is-config="true" duration-ms="0" started-at="2020-06-12T00:06:54 IST" finished-at="2020-06-12T00:06:54 IST">
          <reporter-output>
          </reporter-output>
        </test-method> <!-- tearDownClass -->
      </class> <!-- runner.ShopCluesRunner -->
    </test> <!-- Default test -->
  </suite> <!-- Default suite -->
</testng-results>
