<?xml version="1.0" encoding="UTF-8"?>
<testng-results skipped="0" failed="0" ignored="0" total="1" passed="1">
  <reporter-output>
  </reporter-output>
  <suite name="Default suite" duration-ms="39235" started-at="2020-06-19T13:18:20 IST" finished-at="2020-06-19T13:18:59 IST">
    <groups>
      <group name="cucumber">
        <method signature="AbstractTestNGCucumberTests.runScenario(io.cucumber.testng.PickleEventWrapper, io.cucumber.testng.CucumberFeatureWrapper)[pri:0, instance:runner.JustDialRunner@7a1ebcd8]" name="runScenario" class="io.cucumber.testng.AbstractTestNGCucumberTests"/>
      </group> <!-- cucumber -->
    </groups>
    <test name="Default test" duration-ms="39235" started-at="2020-06-19T13:18:20 IST" finished-at="2020-06-19T13:18:59 IST">
      <class name="runner.JustDialRunner">
        <test-method status="PASS" signature="setUpClass()[pri:0, instance:runner.JustDialRunner@7a1ebcd8]" name="setUpClass" is-config="true" duration-ms="182" started-at="2020-06-19T13:18:20 IST" finished-at="2020-06-19T13:18:20 IST">
          <reporter-output>
          </reporter-output>
        </test-method> <!-- setUpClass -->
        <test-method status="PASS" signature="runScenario(io.cucumber.testng.PickleEventWrapper, io.cucumber.testng.CucumberFeatureWrapper)[pri:0, instance:runner.JustDialRunner@7a1ebcd8]" name="runScenario" duration-ms="38936" started-at="2020-06-19T13:18:20 IST" description="Runs Cucumber Scenarios" data-provider="scenarios" finished-at="2020-06-19T13:18:59 IST">
          <params>
            <param index="0">
              <value>
                <![CDATA["To check the Air Tickets fare details in JustDial website"]]>
              </value>
            </param>
            <param index="1">
              <value>
                <![CDATA["JustDial Workflow"]]>
              </value>
            </param>
          </params>
          <reporter-output>
          </reporter-output>
        </test-method> <!-- runScenario -->
        <test-method status="PASS" signature="tearDownClass()[pri:0, instance:runner.JustDialRunner@7a1ebcd8]" name="tearDownClass" is-config="true" duration-ms="3" started-at="2020-06-19T13:18:59 IST" finished-at="2020-06-19T13:18:59 IST">
          <reporter-output>
          </reporter-output>
        </test-method> <!-- tearDownClass -->
      </class> <!-- runner.JustDialRunner -->
    </test> <!-- Default test -->
  </suite> <!-- Default suite -->
</testng-results>
