<?xml version="1.0" encoding="UTF-8"?>
<testng-results skipped="0" failed="1" ignored="0" total="1" passed="0">
  <reporter-output>
  </reporter-output>
  <suite name="Default suite" duration-ms="26547" started-at="2020-06-19T17:56:34 IST" finished-at="2020-06-19T17:57:01 IST">
    <groups>
      <group name="cucumber">
        <method signature="AbstractTestNGCucumberTests.runScenario(io.cucumber.testng.PickleEventWrapper, io.cucumber.testng.CucumberFeatureWrapper)[pri:0, instance:runner.HondaRunner@7a1ebcd8]" name="runScenario" class="io.cucumber.testng.AbstractTestNGCucumberTests"/>
      </group> <!-- cucumber -->
    </groups>
    <test name="Default test" duration-ms="26547" started-at="2020-06-19T17:56:34 IST" finished-at="2020-06-19T17:57:01 IST">
      <class name="runner.HondaRunner">
        <test-method status="PASS" signature="setUpClass()[pri:0, instance:runner.HondaRunner@7a1ebcd8]" name="setUpClass" is-config="true" duration-ms="178" started-at="2020-06-19T17:56:34 IST" finished-at="2020-06-19T17:56:34 IST">
          <reporter-output>
          </reporter-output>
        </test-method> <!-- setUpClass -->
        <test-method status="FAIL" signature="runScenario(io.cucumber.testng.PickleEventWrapper, io.cucumber.testng.CucumberFeatureWrapper)[pri:0, instance:runner.HondaRunner@7a1ebcd8]" name="runScenario" duration-ms="26254" started-at="2020-06-19T17:56:34 IST" description="Runs Cucumber Scenarios" data-provider="scenarios" finished-at="2020-06-19T17:57:01 IST">
          <params>
            <param index="0">
              <value>
                <![CDATA["To inquire the Price quotation for Honda scooter"]]>
              </value>
            </param>
            <param index="1">
              <value>
                <![CDATA["Honda Workflow"]]>
              </value>
            </param>
          </params>
          <exception class="java.lang.NullPointerException">
            <full-stacktrace>
              <![CDATA[java.lang.NullPointerException
at steps.HondaSteps.storeEngineDetailsMap(HondaSteps.java:81)
at ✽.User puts all the details as key and value into Map(file:src/test/java/features/Honda.feature:8)
]]>
            </full-stacktrace>
          </exception> <!-- java.lang.NullPointerException -->
          <reporter-output>
          </reporter-output>
        </test-method> <!-- runScenario -->
        <test-method status="PASS" signature="tearDownClass()[pri:0, instance:runner.HondaRunner@7a1ebcd8]" name="tearDownClass" is-config="true" duration-ms="3" started-at="2020-06-19T17:57:01 IST" finished-at="2020-06-19T17:57:01 IST">
          <reporter-output>
          </reporter-output>
        </test-method> <!-- tearDownClass -->
      </class> <!-- runner.HondaRunner -->
    </test> <!-- Default test -->
  </suite> <!-- Default suite -->
</testng-results>
